<?xml version="1.0" encoding="UTF-8"?>
<!-- Generated by org.testng.reporters.JUnitXMLReporter -->
<testsuite hostname="Braidens-MacBook-Pro.local" ignored="1" name="Default test" tests="1" failures="0" timestamp="27 Dec 2022 01:37:22 GMT" time="34.114" errors="0">
  <testcase name="logInAccountTest" time="28.583" classname="pages.HomePageTest"/>
  <testcase name="logInAccountParameterTest" time="0.0" classname="pages.HomePageTest">
    <ignored/>
  </testcase> <!-- logInAccountParameterTest -->
</testsuite> <!-- Default test -->
