<?xml version="1.0" encoding="UTF-8"?>
<testng-results skipped="0" failed="0" ignored="1" total="2" passed="1">
  <reporter-output>
    <line>
      <![CDATA[[[ChromeDriver: chrome on MAC (19ed4966d52ba29d4be7a4cee5e0ad0b)] -> xpath: (//span[@class='header__login-label font-meta-1'])[1]]<--- has been clicked<br>]]>
    </line>
    <line>
      <![CDATA[for_businesses : has been selected for ---> [[ChromeDriver: chrome on MAC (19ed4966d52ba29d4be7a4cee5e0ad0b)] -> xpath: //select[@id='login-select-tooltip']]<br>]]>
    </line>
    <line>
      <![CDATA[metlink : has been selected for ---> [[ChromeDriver: chrome on MAC (19ed4966d52ba29d4be7a4cee5e0ad0b)] -> xpath: (//select[@class='login-type'])[2]]<br>]]>
    </line>
    <line>
      <![CDATA[Proxy element for: DefaultElementLocator 'By.cssSelector: .brand-button.js-submitLogin'<--- has been clicked<br>]]>
    </line>
    <line>
      <![CDATA[Sharon : has been Inserted ---> [[ChromeDriver: chrome on MAC (19ed4966d52ba29d4be7a4cee5e0ad0b)] -> xpath: //input[@id='userNameId']]<br>]]>
    </line>
    <line>
      <![CDATA[12345 : has been Inserted ---> [[ChromeDriver: chrome on MAC (19ed4966d52ba29d4be7a4cee5e0ad0b)] -> xpath: //input[@id='passwordId']]<br>]]>
    </line>
    <line>
      <![CDATA[[[ChromeDriver: chrome on MAC (19ed4966d52ba29d4be7a4cee5e0ad0b)] -> xpath: //button[text()=' LOG IN']]<--- has been clicked<br>]]>
    </line>
  </reporter-output>
  <suite name="Regression" duration-ms="37986" started-at="2022-11-10T23:38:25Z" finished-at="2022-11-10T23:39:03Z">
    <groups>
    </groups>
    <test name="LogIntest" duration-ms="37986" started-at="2022-11-10T23:38:25Z" finished-at="2022-11-10T23:39:03Z">
      <class name="pages.HomePageTest">
        <test-method status="PASS" signature="setUpDriver()[pri:0, instance:pages.HomePageTest@4b5a5ed1]" name="setUpDriver" is-config="true" duration-ms="8416" started-at="2022-11-10T23:38:25Z" finished-at="2022-11-10T23:38:34Z">
          <reporter-output>
          </reporter-output>
        </test-method> <!-- setUpDriver -->
        <test-method status="PASS" signature="logInAccountParameterTest(java.lang.String, java.lang.String)[pri:0, instance:pages.HomePageTest@4b5a5ed1]" name="logInAccountParameterTest" duration-ms="29322" started-at="2022-11-10T23:38:34Z" finished-at="2022-11-10T23:39:03Z">
          <params>
            <param index="0">
              <value>
                <![CDATA[Sharon]]>
              </value>
            </param>
            <param index="1">
              <value>
                <![CDATA[12345]]>
              </value>
            </param>
          </params>
          <reporter-output>
            <line>
              <![CDATA[[[ChromeDriver: chrome on MAC (19ed4966d52ba29d4be7a4cee5e0ad0b)] -> xpath: (//span[@class='header__login-label font-meta-1'])[1]]<--- has been clicked<br>]]>
            </line>
            <line>
              <![CDATA[for_businesses : has been selected for ---> [[ChromeDriver: chrome on MAC (19ed4966d52ba29d4be7a4cee5e0ad0b)] -> xpath: //select[@id='login-select-tooltip']]<br>]]>
            </line>
            <line>
              <![CDATA[metlink : has been selected for ---> [[ChromeDriver: chrome on MAC (19ed4966d52ba29d4be7a4cee5e0ad0b)] -> xpath: (//select[@class='login-type'])[2]]<br>]]>
            </line>
            <line>
              <![CDATA[Proxy element for: DefaultElementLocator 'By.cssSelector: .brand-button.js-submitLogin'<--- has been clicked<br>]]>
            </line>
            <line>
              <![CDATA[Sharon : has been Inserted ---> [[ChromeDriver: chrome on MAC (19ed4966d52ba29d4be7a4cee5e0ad0b)] -> xpath: //input[@id='userNameId']]<br>]]>
            </line>
            <line>
              <![CDATA[12345 : has been Inserted ---> [[ChromeDriver: chrome on MAC (19ed4966d52ba29d4be7a4cee5e0ad0b)] -> xpath: //input[@id='passwordId']]<br>]]>
            </line>
            <line>
              <![CDATA[[[ChromeDriver: chrome on MAC (19ed4966d52ba29d4be7a4cee5e0ad0b)] -> xpath: //button[text()=' LOG IN']]<--- has been clicked<br>]]>
            </line>
          </reporter-output>
        </test-method> <!-- logInAccountParameterTest -->
        <test-method status="PASS" signature="closingDriverSession()[pri:0, instance:pages.HomePageTest@4b5a5ed1]" name="closingDriverSession" is-config="true" duration-ms="215" started-at="2022-11-10T23:39:03Z" finished-at="2022-11-10T23:39:03Z">
          <reporter-output>
          </reporter-output>
        </test-method> <!-- closingDriverSession -->
      </class> <!-- pages.HomePageTest -->
    </test> <!-- LogIntest -->
  </suite> <!-- Regression -->
</testng-results>
